<?xml version="1.0" encoding="UTF-8"?><testsuites failures="0" name="dependency-check" tests="4"><testsuite failures="0" errors="0" time="0" id="0" name="/home/runner/.m2/repository/org/clojure/clojure/1.12.0/clojure-1.12.0.jar" package="clojure-1.12.0.jar" skipped="0" tests="1" timestamp="2025-05-27T03:11:06.447051844"><testcase classname="dependency-check" name="clojure-1.12.0.jar"/></testsuite><testsuite failures="0" errors="0" time="0" id="1" name="/home/runner/.m2/repository/org/clojure/core.specs.alpha/0.4.74/core.specs.alpha-0.4.74.jar" package="core.specs.alpha-0.4.74.jar" skipped="0" tests="1" timestamp="2025-05-27T03:11:06.447051844"><testcase classname="dependency-check" name="core.specs.alpha-0.4.74.jar"/></testsuite><testsuite failures="0" errors="0" time="0" id="2" name="/home/runner/.m2/repository/org/clojure/spec.alpha/0.5.238/spec.alpha-0.5.238.jar" package="spec.alpha-0.5.238.jar" skipped="0" tests="1" timestamp="2025-05-27T03:11:06.447051844"><testcase classname="dependency-check" name="spec.alpha-0.5.238.jar"/></testsuite><testsuite failures="0" errors="0" time="0" id="3" name="/home/runner/.m2/repository/org/clojure/tools.logging/1.3.0/tools.logging-1.3.0.jar" package="tools.logging-1.3.0.jar" skipped="0" tests="1" timestamp="2025-05-27T03:11:06.447051844"><testcase classname="dependency-check" name="tools.logging-1.3.0.jar"/></testsuite></testsuites>